e:\sjmylauncher\kfdb_clr\x64\debug\kfdb_clr.pch
e:\sjmylauncher\kfdb_clr\x64\debug\vc143.pdb
e:\sjmylauncher\kfdb_clr\x64\debug\pch.obj
e:\sjmylauncher\kfdb_clr\x64\debug\kfdb_clr.obj
e:\sjmylauncher\kfdb_clr\x64\debug\assemblyinfo.obj
e:\sjmylauncher\kfdb_clr\x64\debug\.netframework,version=v4.7.2.assemblyattributes.obj
e:\sjmylauncher\bin\x64\debug\kfdb_clr.dll
e:\sjmylauncher\bin\x64\debug\kfdb_clr.pdb
e:\sjmylauncher\kfdb_clr\x64\debug\app.res
e:\sjmylauncher\kfdb_clr\x64\debug\kfdb_clr.tlog\cl.command.1.tlog
e:\sjmylauncher\kfdb_clr\x64\debug\kfdb_clr.tlog\cl.items.tlog
e:\sjmylauncher\kfdb_clr\x64\debug\kfdb_clr.tlog\cl.read.1.tlog
e:\sjmylauncher\kfdb_clr\x64\debug\kfdb_clr.tlog\cl.write.1.tlog
e:\sjmylauncher\kfdb_clr\x64\debug\kfdb_clr.tlog\link.command.1.tlog
e:\sjmylauncher\kfdb_clr\x64\debug\kfdb_clr.tlog\link.read.1.tlog
e:\sjmylauncher\kfdb_clr\x64\debug\kfdb_clr.tlog\link.secondary.1.tlog
e:\sjmylauncher\kfdb_clr\x64\debug\kfdb_clr.tlog\link.write.1.tlog
e:\sjmylauncher\kfdb_clr\x64\debug\kfdb_clr.tlog\metagen.read.1.tlog
e:\sjmylauncher\kfdb_clr\x64\debug\kfdb_clr.tlog\metagen.write.1.tlog
e:\sjmylauncher\kfdb_clr\x64\debug\kfdb_clr.tlog\rc.command.1.tlog
e:\sjmylauncher\kfdb_clr\x64\debug\kfdb_clr.tlog\rc.read.1.tlog
e:\sjmylauncher\kfdb_clr\x64\debug\kfdb_clr.tlog\rc.write.1.tlog
